C:\USERS\JIAJIE\DESKTOP\NEW LAB 3\NEW LAB 3\DEBUG\LAB 3.EXE
C:\USERS\JIAJIE\DESKTOP\NEW LAB 3\NEW LAB 3\DEBUG\LAB 3.ILK
C:\USERS\JIAJIE\DESKTOP\NEW LAB 3\NEW LAB 3\DEBUG\LAB 3.PDB
C:\Users\Jiajie\Desktop\New Lab 3\New Lab 3\Lab 3\Debug\cl.command.1.tlog
C:\Users\Jiajie\Desktop\New Lab 3\New Lab 3\Lab 3\Debug\CL.read.1.tlog
C:\Users\Jiajie\Desktop\New Lab 3\New Lab 3\Lab 3\Debug\CL.write.1.tlog
C:\USERS\JIAJIE\DESKTOP\NEW LAB 3\NEW LAB 3\LAB 3\DEBUG\LAB 3.EXE.INTERMEDIATE.MANIFEST
C:\Users\Jiajie\Desktop\New Lab 3\New Lab 3\Lab 3\Debug\Lab 3.vcxprojResolveAssemblyReference.cache
C:\Users\Jiajie\Desktop\New Lab 3\New Lab 3\Lab 3\Debug\Lab 3.write.1.tlog
C:\Users\Jiajie\Desktop\New Lab 3\New Lab 3\Lab 3\Debug\link.command.1.tlog
C:\Users\Jiajie\Desktop\New Lab 3\New Lab 3\Lab 3\Debug\link.read.1.tlog
C:\Users\Jiajie\Desktop\New Lab 3\New Lab 3\Lab 3\Debug\link.write.1.tlog
C:\USERS\JIAJIE\DESKTOP\NEW LAB 3\NEW LAB 3\LAB 3\DEBUG\MAIN.OBJ
C:\Users\Jiajie\Desktop\New Lab 3\New Lab 3\Lab 3\Debug\mt.command.1.tlog
C:\Users\Jiajie\Desktop\New Lab 3\New Lab 3\Lab 3\Debug\mt.read.1.tlog
C:\Users\Jiajie\Desktop\New Lab 3\New Lab 3\Lab 3\Debug\mt.write.1.tlog
C:\Users\Jiajie\Desktop\New Lab 3\New Lab 3\Lab 3\Debug\vc100.idb
C:\USERS\JIAJIE\DESKTOP\NEW LAB 3\NEW LAB 3\LAB 3\DEBUG\VC100.PDB
C:\USERS\JIAJIE\SKYDRIVE\DOCUMENTS\NUS\YEAR 3 SEM 2\CS3241\LAB\LAB 3\NEW LAB 3\NEW LAB 3\DEBUG\LAB 3.EXE
C:\USERS\JIAJIE\SKYDRIVE\DOCUMENTS\NUS\YEAR 3 SEM 2\CS3241\LAB\LAB 3\NEW LAB 3\NEW LAB 3\DEBUG\LAB 3.ILK
C:\USERS\JIAJIE\SKYDRIVE\DOCUMENTS\NUS\YEAR 3 SEM 2\CS3241\LAB\LAB 3\NEW LAB 3\NEW LAB 3\DEBUG\LAB 3.PDB
C:\USERS\JIAJIE\SKYDRIVE\DOCUMENTS\NUS\YEAR 3 SEM 2\CS3241\LAB\LAB 3\NEW LAB 3\NEW LAB 3\LAB 3\DEBUG\LAB 3.EXE.INTERMEDIATE.MANIFEST
C:\USERS\JIAJIE\SKYDRIVE\DOCUMENTS\NUS\YEAR 3 SEM 2\CS3241\LAB\LAB 3\NEW LAB 3\NEW LAB 3\LAB 3\DEBUG\MAIN.OBJ
C:\USERS\JIAJIE\SKYDRIVE\DOCUMENTS\NUS\YEAR 3 SEM 2\CS3241\LAB\LAB 3\NEW LAB 3\NEW LAB 3\LAB 3\DEBUG\VC100.PDB
